[2022-06-20T16:46:31.977] [WARN] loggerWarning - Hola WARNING
[2022-06-20T16:50:23.109] [WARN] loggerWarning - GET /info/asdasd not implemented
[2022-06-20T16:52:25.613] [WARN] loggerWarning - GET /style.css not implemented
[2022-06-30T21:15:44.818] [WARN] loggerWarning - GET /js/login.js not implemented
[2022-06-30T21:15:44.928] [WARN] loggerWarning - GET /favicon.ico not implemented
[2022-06-30T21:29:21.793] [WARN] loggerWarning - GET /js/login.js not implemented
[2022-06-30T21:29:21.916] [WARN] loggerWarning - GET /favicon.ico not implemented
[2022-07-06T00:39:40.009] [WARN] loggerWarning - GET /js/login.js not implemented
[2022-07-06T00:39:40.124] [WARN] loggerWarning - GET /favicon.ico not implemented
[2022-07-06T00:40:00.247] [WARN] loggerWarning - GET /js/login.js not implemented
[2022-07-06T00:40:00.349] [WARN] loggerWarning - GET /favicon.ico not implemented
[2022-07-06T00:40:04.513] [WARN] loggerWarning - GET /js/login.js not implemented
[2022-07-06T00:40:10.647] [WARN] loggerWarning - GET /js/login.js not implemented
[2022-07-06T00:40:42.443] [WARN] loggerWarning - GET /js/register.js not implemented
[2022-07-06T00:40:44.994] [WARN] loggerWarning - GET /js/register.js not implemented
[2022-07-06T00:40:46.661] [WARN] loggerWarning - GET /js/login.js not implemented
[2022-07-06T00:40:48.136] [WARN] loggerWarning - GET /js/login.js not implemented
[2022-07-06T00:42:03.927] [WARN] loggerWarning - GET /js/login.js not implemented
[2022-07-06T00:44:22.212] [WARN] loggerWarning - GET /js/login.js not implemented
[2022-07-06T00:44:25.254] [WARN] loggerWarning - GET /aSDSADd not implemented
[2022-07-06T00:44:26.097] [WARN] loggerWarning - GET /js/client.js not implemented
[2022-07-06T00:44:59.797] [WARN] loggerWarning - GET /js/logout.js not implemented
[2022-07-06T00:45:14.822] [WARN] loggerWarning - GET /js/login.js not implemented
[2022-07-06T00:45:19.264] [WARN] loggerWarning - GET /js/login.js not implemented
[2022-07-06T00:45:21.363] [WARN] loggerWarning - GET /js/login.js not implemented
[2022-07-06T00:45:25.274] [WARN] loggerWarning - GET /js/login.js not implemented
[2022-07-06T00:45:38.442] [WARN] loggerWarning - GET /js/login.js not implemented
[2022-07-06T00:45:45.110] [WARN] loggerWarning - GET /js/login.js not implemented
[2022-07-06T00:46:03.067] [WARN] loggerWarning - GET /productos not implemented
[2022-07-06T00:46:11.643] [WARN] loggerWarning - GET /js/register.js not implemented
[2022-07-06T00:46:13.995] [WARN] loggerWarning - GET /js/login.js not implemented
[2022-07-06T00:46:16.630] [WARN] loggerWarning - GET /js/login.js not implemented
[2022-07-06T00:46:22.417] [WARN] loggerWarning - GET /js/login.js not implemented
[2022-07-06T00:46:24.848] [WARN] loggerWarning - GET /js/register.js not implemented
[2022-07-06T00:46:27.978] [WARN] loggerWarning - GET /js/register.js not implemented
[2022-07-06T00:46:28.119] [WARN] loggerWarning - GET /js/register.js not implemented
[2022-07-06T00:46:29.991] [WARN] loggerWarning - GET /js/login.js not implemented
[2022-07-06T00:46:54.128] [WARN] loggerWarning - GET /js/login.js not implemented
[2022-07-06T00:47:39.767] [WARN] loggerWarning - GET /js/login.js not implemented
[2022-07-06T00:47:41.127] [WARN] loggerWarning - GET /js/register.js not implemented
[2022-07-06T00:47:44.270] [WARN] loggerWarning - GET /js/login.js not implemented
[2022-07-06T00:47:54.939] [WARN] loggerWarning - GET /js/login.js not implemented
[2022-07-06T00:48:04.101] [WARN] loggerWarning - GET /js/register.js not implemented
[2022-07-06T00:48:07.153] [WARN] loggerWarning - GET /js/login.js not implemented
[2022-07-06T00:48:12.498] [WARN] loggerWarning - GET /js/login.js not implemented
[2022-07-06T00:49:29.021] [WARN] loggerWarning - GET /js/login.js not implemented
[2022-07-06T00:49:59.913] [WARN] loggerWarning - GET /js/login.js not implemented
[2022-07-06T00:50:08.914] [WARN] loggerWarning - GET /js/register.js not implemented
[2022-07-06T00:50:13.439] [WARN] loggerWarning - GET /productos not implemented
[2022-07-06T00:50:18.477] [WARN] loggerWarning - GET /carrito not implemented
[2022-07-06T00:50:40.771] [WARN] loggerWarning - GET /random not implemented
[2022-07-06T00:51:44.787] [WARN] loggerWarning - GET /js/login.js not implemented
[2022-07-06T00:51:46.523] [WARN] loggerWarning - GET /js/login.js not implemented
[2022-07-06T00:51:51.745] [WARN] loggerWarning - GET /js/login.js not implemented
[2022-07-06T00:53:09.466] [WARN] loggerWarning - GET /aSDSADd not implemented
[2022-07-06T00:53:10.346] [WARN] loggerWarning - GET /js/client.js not implemented
[2022-07-06T00:53:57.936] [WARN] loggerWarning - GET /aSDSADd not implemented
[2022-07-06T00:53:57.943] [WARN] loggerWarning - GET /js/client.js not implemented
[2022-07-06T00:54:48.173] [WARN] loggerWarning - GET /js/client.js not implemented
[2022-07-06T00:54:48.178] [WARN] loggerWarning - GET /aSDSADd not implemented
[2022-07-06T00:54:53.972] [WARN] loggerWarning - GET /aSDSADd not implemented
[2022-07-06T00:55:03.215] [WARN] loggerWarning - GET /js/logout.js not implemented
[2022-07-06T00:55:07.240] [WARN] loggerWarning - GET /js/login.js not implemented
[2022-07-06T00:55:10.066] [WARN] loggerWarning - GET /js/login.js not implemented
[2022-07-06T00:55:13.464] [WARN] loggerWarning - GET /js/login.js not implemented
[2022-07-06T00:55:17.060] [WARN] loggerWarning - GET /js/login.js not implemented
[2022-07-06T00:55:19.916] [WARN] loggerWarning - GET /js/login.js not implemented
[2022-07-06T00:55:22.283] [WARN] loggerWarning - GET /js/login.js not implemented
[2022-07-06T00:55:26.725] [WARN] loggerWarning - GET /js/login.js not implemented
[2022-07-06T00:55:31.333] [WARN] loggerWarning - GET /js/login.js not implemented
[2022-07-06T00:55:37.537] [WARN] loggerWarning - GET /js/login.js not implemented
[2022-07-06T00:55:39.746] [WARN] loggerWarning - GET /js/login.js not implemented
[2022-07-06T00:55:44.162] [WARN] loggerWarning - GET /js/login.js not implemented
[2022-07-06T01:06:53.006] [WARN] loggerWarning - GET /aSDSADd not implemented
[2022-07-06T01:06:54.057] [WARN] loggerWarning - GET /favicon.ico not implemented
[2022-07-06T10:32:36.986] [WARN] loggerWarning - GET /aSDSADd not implemented
[2022-07-06T10:33:05.721] [WARN] loggerWarning - GET /www.phone.com not implemented
[2022-07-06T10:39:25.337] [WARN] loggerWarning - GET //api/random not implemented
[2022-07-06T10:39:51.162] [WARN] loggerWarning - GET //api/random not implemented
[2022-07-06T10:40:04.508] [WARN] loggerWarning - GET /random not implemented
[2022-07-06T10:40:36.605] [WARN] loggerWarning - GET /random not implemented
[2022-07-06T10:47:54.641] [WARN] loggerWarning - GET /aSDSADd not implemented
[2022-07-06T10:47:55.510] [WARN] loggerWarning - GET /www.phone.com not implemented
[2022-07-06T10:49:23.696] [WARN] loggerWarning - GET /aSDSADd not implemented
[2022-07-06T10:49:23.707] [WARN] loggerWarning - GET /www.phone.com not implemented
[2022-07-07T19:39:23.551] [WARN] loggerWarning - GET /favicon.ico not implemented
[2022-07-07T19:39:50.238] [WARN] loggerWarning - GET /aSDSADd not implemented
[2022-07-07T19:39:51.102] [WARN] loggerWarning - GET /www.phone.com not implemented
[2022-07-07T20:52:58.261] [WARN] loggerWarning - GET /www.phone.com not implemented
[2022-07-07T20:52:58.270] [WARN] loggerWarning - GET /aSDSADd not implemented
[2022-07-07T21:01:21.715] [WARN] loggerWarning - GET /aSDSADd not implemented
[2022-07-07T21:01:22.624] [WARN] loggerWarning - GET /www.phone.com not implemented
[2022-07-07T21:01:35.998] [WARN] loggerWarning - GET /www.phone.com not implemented
[2022-07-07T21:01:36.004] [WARN] loggerWarning - GET /aSDSADd not implemented
[2022-07-07T21:01:54.078] [WARN] loggerWarning - GET /www.phone.com not implemented
[2022-07-07T21:01:54.085] [WARN] loggerWarning - GET /aSDSADd not implemented
[2022-07-07T21:02:54.945] [WARN] loggerWarning - GET /www.phone.com not implemented
[2022-07-07T21:02:54.952] [WARN] loggerWarning - GET /aSDSADd not implemented
[2022-07-07T21:03:35.396] [WARN] loggerWarning - GET /www.phone.com not implemented
[2022-07-07T21:03:35.403] [WARN] loggerWarning - GET /aSDSADd not implemented
[2022-07-07T21:03:37.394] [WARN] loggerWarning - GET /www.phone.com not implemented
[2022-07-07T21:03:37.401] [WARN] loggerWarning - GET /aSDSADd not implemented
[2022-07-07T21:04:01.384] [WARN] loggerWarning - GET /www.phone.com not implemented
[2022-07-07T21:04:01.391] [WARN] loggerWarning - GET /aSDSADd not implemented
[2022-07-07T21:04:45.840] [WARN] loggerWarning - GET /www.phone.com not implemented
[2022-07-07T21:04:45.846] [WARN] loggerWarning - GET /aSDSADd not implemented
[2022-07-07T21:05:05.617] [WARN] loggerWarning - GET /www.phone.com not implemented
[2022-07-07T21:05:05.625] [WARN] loggerWarning - GET /aSDSADd not implemented
[2022-07-07T21:05:55.004] [WARN] loggerWarning - GET /www.phone.com not implemented
[2022-07-07T21:05:55.011] [WARN] loggerWarning - GET /aSDSADd not implemented
[2022-07-07T21:06:41.831] [WARN] loggerWarning - GET /www.phone.com not implemented
[2022-07-07T21:06:41.839] [WARN] loggerWarning - GET /aSDSADd not implemented
[2022-07-07T21:06:58.063] [WARN] loggerWarning - GET /www.phone.com not implemented
[2022-07-07T21:06:58.069] [WARN] loggerWarning - GET /aSDSADd not implemented
[2022-07-07T21:07:10.335] [WARN] loggerWarning - GET /www.phone.com not implemented
[2022-07-07T21:07:10.342] [WARN] loggerWarning - GET /aSDSADd not implemented
[2022-07-07T21:07:32.784] [WARN] loggerWarning - GET /www.phone.com not implemented
[2022-07-07T21:07:32.791] [WARN] loggerWarning - GET /aSDSADd not implemented
[2022-07-07T21:07:41.914] [WARN] loggerWarning - GET /www.phone.com not implemented
[2022-07-07T21:07:41.923] [WARN] loggerWarning - GET /aSDSADd not implemented
[2022-07-07T21:24:19.553] [WARN] loggerWarning - GET /aSDSADd not implemented
[2022-07-07T21:24:19.577] [WARN] loggerWarning - GET /www.phone.com not implemented
[2022-07-07T23:00:39.572] [WARN] loggerWarning - GET /aSDSADd redirigir a otra pagina
[2022-07-07T23:00:40.682] [WARN] loggerWarning - GET /www.phone.com redirigir a otra pagina
[2022-07-07T23:07:03.736] [WARN] loggerWarning - GET /aSDSADd redirigir a otra pagina
[2022-07-07T23:07:04.635] [WARN] loggerWarning - GET /www.phone.com redirigir a otra pagina
[2022-07-11T21:59:35.598] [WARN] loggerWarning - GET /favicon.ico redirigir a otra pagina
[2022-07-11T21:59:39.709] [WARN] loggerWarning - GET /asdasd redirigir a otra pagina
